Detecting C [-std=c11] compiler features failed to compile with the following output:
Change Dir: C:/Users/jason/CLionProjects/COCI '06 Contest 3 #2 N-puzzle/cmake-build-debug/CMakeFiles/CMakeTmp

Run Build Command:"C:/MinGW/bin/mingw32-make.exe" "cmTC_38e07/fast"
C:/MinGW/bin/mingw32-make.exe -f CMakeFiles\cmTC_38e07.dir\build.make CMakeFiles/cmTC_38e07.dir/build
mingw32-make.exe[1]: Entering directory 'C:/Users/jason/CLionProjects/COCI '06 Contest 3 #2 N-puzzle/cmake-build-debug/CMakeFiles/CMakeTmp'
mingw32-make.exe[1]: Leaving directory 'C:/Users/jason/CLionProjects/COCI '06 Contest 3 #2 N-puzzle/cmake-build-debug/CMakeFiles/CMakeTmp'
mingw32-make.exe[1]: *** No rule to make target 'C:/Users/jason/CLionProjects/COCI '06 Contest 3\', needed by 'CMakeFiles/cmTC_38e07.dir/feature_tests.c.obj'.  Stop.
Makefile:120: recipe for target 'cmTC_38e07/fast' failed
mingw32-make.exe: *** [cmTC_38e07/fast] Error 2



Detecting CXX [-std=c++1z] compiler features failed to compile with the following output:
Change Dir: C:/Users/jason/CLionProjects/COCI '06 Contest 3 #2 N-puzzle/cmake-build-debug/CMakeFiles/CMakeTmp

Run Build Command:"C:/MinGW/bin/mingw32-make.exe" "cmTC_81c03/fast"
C:/MinGW/bin/mingw32-make.exe -f CMakeFiles\cmTC_81c03.dir\build.make CMakeFiles/cmTC_81c03.dir/build
mingw32-make.exe[1]: Entering directory 'C:/Users/jason/CLionProjects/COCI '06 Contest 3 #2 N-puzzle/cmake-build-debug/CMakeFiles/CMakeTmp'
mingw32-make.exe[1]: Leaving directory 'C:/Users/jason/CLionProjects/COCI '06 Contest 3 #2 N-puzzle/cmake-build-debug/CMakeFiles/CMakeTmp'
mingw32-make.exe[1]: *** No rule to make target 'C:/Users/jason/CLionProjects/COCI '06 Contest 3\', needed by 'CMakeFiles/cmTC_81c03.dir/feature_tests.cxx.obj'.  Stop.
Makefile:120: recipe for target 'cmTC_81c03/fast' failed
mingw32-make.exe: *** [cmTC_81c03/fast] Error 2



