Detecting C [-std=c11] compiler features failed to compile with the following output:
Change Dir: C:/Users/jason/CLionProjects/DWITE '07 R2 #4 - All Is Balanced/cmake-build-debug/CMakeFiles/CMakeTmp

Run Build Command:"C:/MinGW/bin/mingw32-make.exe" "cmTC_f6634/fast"
C:/MinGW/bin/mingw32-make.exe -f CMakeFiles\cmTC_f6634.dir\build.make CMakeFiles/cmTC_f6634.dir/build
mingw32-make.exe[1]: Entering directory 'C:/Users/jason/CLionProjects/DWITE '07 R2 #4 - All Is Balanced/cmake-build-debug/CMakeFiles/CMakeTmp'
mingw32-make.exe[1]: Leaving directory 'C:/Users/jason/CLionProjects/DWITE '07 R2 #4 - All Is Balanced/cmake-build-debug/CMakeFiles/CMakeTmp'
mingw32-make.exe[1]: *** No rule to make target 'C:/Users/jason/CLionProjects/DWITE '07 R2\', needed by 'CMakeFiles/cmTC_f6634.dir/feature_tests.c.obj'.  Stop.
Makefile:120: recipe for target 'cmTC_f6634/fast' failed
mingw32-make.exe: *** [cmTC_f6634/fast] Error 2



Detecting CXX [-std=c++1z] compiler features failed to compile with the following output:
Change Dir: C:/Users/jason/CLionProjects/DWITE '07 R2 #4 - All Is Balanced/cmake-build-debug/CMakeFiles/CMakeTmp

Run Build Command:"C:/MinGW/bin/mingw32-make.exe" "cmTC_9e0e5/fast"
C:/MinGW/bin/mingw32-make.exe -f CMakeFiles\cmTC_9e0e5.dir\build.make CMakeFiles/cmTC_9e0e5.dir/build
mingw32-make.exe[1]: Entering directory 'C:/Users/jason/CLionProjects/DWITE '07 R2 #4 - All Is Balanced/cmake-build-debug/CMakeFiles/CMakeTmp'
mingw32-make.exe[1]: Leaving directory 'C:/Users/jason/CLionProjects/DWITE '07 R2 #4 - All Is Balanced/cmake-build-debug/CMakeFiles/CMakeTmp'
mingw32-make.exe[1]: *** No rule to make target 'C:/Users/jason/CLionProjects/DWITE '07 R2\', needed by 'CMakeFiles/cmTC_9e0e5.dir/feature_tests.cxx.obj'.  Stop.
Makefile:120: recipe for target 'cmTC_9e0e5/fast' failed
mingw32-make.exe: *** [cmTC_9e0e5/fast] Error 2



