Detecting C [-std=c11] compiler features failed to compile with the following output:
Change Dir: C:/Users/jason/CLionProjects/COCI '13 Contest 1 #2 Kusac/cmake-build-debug/CMakeFiles/CMakeTmp

Run Build Command:"C:/MinGW/bin/mingw32-make.exe" "cmTC_6f346/fast"
C:/MinGW/bin/mingw32-make.exe -f CMakeFiles\cmTC_6f346.dir\build.make CMakeFiles/cmTC_6f346.dir/build
mingw32-make.exe[1]: Entering directory 'C:/Users/jason/CLionProjects/COCI '13 Contest 1 #2 Kusac/cmake-build-debug/CMakeFiles/CMakeTmp'
mingw32-make.exe[1]: Leaving directory 'C:/Users/jason/CLionProjects/COCI '13 Contest 1 #2 Kusac/cmake-build-debug/CMakeFiles/CMakeTmp'
mingw32-make.exe[1]: *** No rule to make target 'C:/Users/jason/CLionProjects/COCI '13 Contest 1\', needed by 'CMakeFiles/cmTC_6f346.dir/feature_tests.c.obj'.  Stop.
Makefile:120: recipe for target 'cmTC_6f346/fast' failed
mingw32-make.exe: *** [cmTC_6f346/fast] Error 2



Detecting CXX [-std=c++1z] compiler features failed to compile with the following output:
Change Dir: C:/Users/jason/CLionProjects/COCI '13 Contest 1 #2 Kusac/cmake-build-debug/CMakeFiles/CMakeTmp

Run Build Command:"C:/MinGW/bin/mingw32-make.exe" "cmTC_a0995/fast"
C:/MinGW/bin/mingw32-make.exe -f CMakeFiles\cmTC_a0995.dir\build.make CMakeFiles/cmTC_a0995.dir/build
mingw32-make.exe[1]: Entering directory 'C:/Users/jason/CLionProjects/COCI '13 Contest 1 #2 Kusac/cmake-build-debug/CMakeFiles/CMakeTmp'
mingw32-make.exe[1]: Leaving directory 'C:/Users/jason/CLionProjects/COCI '13 Contest 1 #2 Kusac/cmake-build-debug/CMakeFiles/CMakeTmp'
mingw32-make.exe[1]: *** No rule to make target 'C:/Users/jason/CLionProjects/COCI '13 Contest 1\', needed by 'CMakeFiles/cmTC_a0995.dir/feature_tests.cxx.obj'.  Stop.
Makefile:120: recipe for target 'cmTC_a0995/fast' failed
mingw32-make.exe: *** [cmTC_a0995/fast] Error 2



